{"level":"error","message":"User with email id does not  exists","timestamp":"2021-12-11T09:50:00.978Z"}
{"level":"error","message":"Invalid password","timestamp":"2021-12-14T09:44:18.565Z"}
{"level":"error","message":"Invalid password","timestamp":"2021-12-14T09:44:37.212Z"}
{"level":"error","message":"Invalid password","timestamp":"2021-12-14T09:44:45.673Z"}
{"level":"error","message":"Invalid password","timestamp":"2021-12-14T09:46:32.501Z"}
{"level":"error","message":"Invalid password","timestamp":"2021-12-14T09:46:54.416Z"}
{"level":"error","message":"Invalid password","timestamp":"2021-12-14T09:51:54.680Z"}
{"level":"error","message":"Wrong Input Validations","timestamp":"2021-12-14T09:52:13.840Z"}
{"level":"error","message":"Wrong Input Validations","timestamp":"2021-12-14T09:55:05.145Z"}
{"level":"error","message":"Wrong Input Validations","timestamp":"2021-12-14T10:00:20.620Z"}
{"level":"error","message":"Wrong Input Validations","timestamp":"2021-12-14T10:30:31.268Z"}
{"level":"error","message":"Wrong Input Validations","timestamp":"2021-12-14T10:30:31.288Z"}
{"level":"error","message":"Wrong Input Validations","timestamp":"2021-12-14T10:30:31.307Z"}
{"level":"error","message":"Invalid User","timestamp":"2021-12-14T10:30:31.646Z"}
{"level":"error","message":"Invalid Credential","timestamp":"2021-12-14T10:30:31.647Z"}
{"level":"error","message":"Wrong Input Validations","timestamp":"2021-12-14T10:32:55.943Z"}
{"level":"error","message":"Wrong Input Validations","timestamp":"2021-12-14T10:32:56.019Z"}
{"level":"error","message":"Wrong Input Validations","timestamp":"2021-12-14T10:32:56.064Z"}
{"level":"error","message":"Invalid User","timestamp":"2021-12-14T10:32:56.519Z"}
{"level":"error","message":"Invalid Credential","timestamp":"2021-12-14T10:32:56.520Z"}
{"level":"error","message":"Wrong Input Validations","timestamp":"2021-12-14T10:34:18.542Z"}
{"level":"error","message":"Wrong Input Validations","timestamp":"2021-12-14T10:34:18.583Z"}
{"level":"error","message":"Wrong Input Validations","timestamp":"2021-12-14T10:34:18.685Z"}
{"level":"error","message":"Invalid User","timestamp":"2021-12-14T10:34:19.153Z"}
{"level":"error","message":"Invalid Credential","timestamp":"2021-12-14T10:34:19.154Z"}
{"level":"error","message":"Wrong Input Validations","timestamp":"2021-12-14T10:34:19.304Z"}
{"level":"error","message":"Wrong Input Validations","timestamp":"2021-12-14T10:36:35.606Z"}
{"level":"error","message":"Wrong Input Validations","timestamp":"2021-12-14T10:36:35.632Z"}
{"level":"error","message":"Wrong Input Validations","timestamp":"2021-12-14T10:36:35.722Z"}
{"level":"error","message":"Invalid User","timestamp":"2021-12-14T10:36:36.281Z"}
{"level":"error","message":"Invalid Credential","timestamp":"2021-12-14T10:36:36.282Z"}
{"level":"error","message":"Wrong Input Validations","timestamp":"2021-12-14T10:36:36.510Z"}
{"level":"error","message":"Wrong Input Validations","timestamp":"2021-12-14T10:41:16.857Z"}
{"level":"error","message":"Wrong Input Validations","timestamp":"2021-12-14T10:41:16.916Z"}
{"level":"error","message":"Wrong Input Validations","timestamp":"2021-12-14T10:41:16.974Z"}
{"level":"error","message":"Invalid User","timestamp":"2021-12-14T10:41:17.496Z"}
{"level":"error","message":"Invalid Credential","timestamp":"2021-12-14T10:41:17.499Z"}
{"level":"error","message":"Wrong Input Validations","timestamp":"2021-12-14T10:41:17.763Z"}
{"level":"error","message":"Invalid password","timestamp":"2021-12-14T10:41:18.284Z"}
